2024-11-23 16:35:27 [LOG_INFO] Launching FastAPI
2024-11-23 16:35:30 [LOG_INFO] Data loaded from file successfully
2024-11-23 18:09:51 [LOG_INFO] Запуск FastAPI
2024-11-23 18:10:03 [LOG_INFO] Начало процесса загрузки данных.
2024-11-23 18:10:03 [LOG_INFO] Данные успешно восстановлены из файла.
2024-11-23 18:10:07 [LOG_INFO] Начало процесса сохранения данных.
2024-11-23 18:10:07 [LOG_INFO] Начало сохранения настроек в файл.
2024-11-23 18:10:07 [LOG_INFO] Настройки успешно сохранены в файл: .\../settings.json
2024-11-23 18:10:07 [LOG_INFO] Данные успешно сохранены в файл.
2024-11-23 18:10:26 [LOG_DEBUG] Запрос: /api/reports/formats [GET]
2024-11-23 18:10:26 [LOG_INFO] Список форматов успешно возвращен
2024-11-23 18:10:47 [LOG_DEBUG] Запрос: /api/reports/nomenclature/JSON [GET]
2024-11-23 18:10:47 [LOG_INFO] Отчет для nomenclature успешно создан
2024-11-23 18:11:00 [LOG_DEBUG] Запрос: /api/reports/something_strange/JSON [GET]
2024-11-23 18:11:00 [LOG_ERROR] Неверная категория: something_strange
2024-11-23 18:11:18 [LOG_INFO] Запрос получения номенклатуры /api/nomenclature/<id> с ID: 1234567
2024-11-23 18:11:18 [LOG_ERROR] Ошибка при получении номенклатуры с ID 1234567: Ошибка операции получения номенклатуры: Номенклатура не найдена
2024-11-23 18:12:17 [LOG_DEBUG] Запрос: /api/reports/nomenclature/JSON [GET]
2024-11-23 18:12:17 [LOG_INFO] Отчет для nomenclature успешно создан
2024-11-23 18:12:30 [LOG_INFO] Запрос на удаление номенклатуры /api/nomenclature
2024-11-23 18:12:30 [LOG_DEBUG] Данные для удаления номенклатуры: {'unique_code': '5554f031-ba84-475e-9820-d9c776f3e3c3'}
2024-11-23 18:12:30 [LOG_INFO] Номенклатура успешно удалена
2024-11-23 18:12:38 [LOG_INFO] Запрос на удаление номенклатуры /api/nomenclature
2024-11-23 18:12:38 [LOG_DEBUG] Данные для удаления номенклатуры: {'unique_code': '256'}
2024-11-23 18:12:38 [LOG_ERROR] Ошибка при удалении номенклатуры: Ошибка выполнения операции удаления номенклатуры: list index out of range
